Using pre-set license
Built from '2020.3/release' branch; Version is '2020.3.12f1 (b3b2c6512326) revision 11776710'; Using compiler version '192528614'; Build Type 'Release'
OS: 'Windows Server 2019 Standard; OS build 17763.2628; Version 1809; 64bit' Language: 'ja' Physical Memory: 16273 MB
BatchMode: 1, IsHumanControllingUs: 0, StartBugReporterOnCrash: 0, Is64bit: 1, IsPro: 0

 COMMAND LINE ARGUMENTS:
C:\Program Files\Unity\Editor\Unity.exe
-adb2
-batchMode
-noUpm
-name
AssetImportWorker0
-projectPath
C:/Program/(git)OpenJTalk_ForUnity/_Project
-logFile
Logs/AssetImportWorker0.log
-srvPort
51775
Successfully changed project path to: C:/Program/(git)OpenJTalk_ForUnity/_Project
C:/Program/(git)OpenJTalk_ForUnity/_Project
Using Asset Import Pipeline V2.
Refreshing native plugins compatible for Editor in 15.90 ms, found 1 plugins.
Preloading 0 native plugins for Editor in 0.00 ms.
Initialize engine version: 2020.3.12f1 (b3b2c6512326)
[Subsystems] Discovering subsystems at path C:/Program Files/Unity/Editor/Data/Resources/UnitySubsystems
[Subsystems] Discovering subsystems at path C:/Program/(git)OpenJTalk_ForUnity/_Project/Assets
GfxDevice: creating device client; threaded=0
Direct3D:
    Version:  Direct3D 11.0 [level 11.1]
    Renderer: NVIDIA GeForce GTX 1080 Ti (ID=0x1b06)
    Vendor:   
    VRAM:     11128 MB
    Driver:   30.0.15.1109
Initialize mono
Mono path[0] = 'C:/Program Files/Unity/Editor/Data/Managed'
Mono path[1] = 'C:/Program Files/Unity/Editor/Data/MonoBleedingEdge/lib/mono/unityjit'
Mono config path = 'C:/Program Files/Unity/Editor/Data/MonoBleedingEdge/etc'
Using monoOptions --debugger-agent=transport=dt_socket,embedding=1,server=y,suspend=n,address=127.0.0.1:56896
Begin MonoManager ReloadAssembly
Registering precompiled unity dll's ...
Register platform support module: C:/Program Files/Unity/Editor/Data/PlaybackEngines/WindowsStandaloneSupport/UnityEditor.WindowsStandalone.Extensions.dll
Registered in 0.001081 seconds.
Native extension for WindowsStandalone target not found
Refreshing native plugins compatible for Editor in 14.94 ms, found 1 plugins.
Preloading 0 native plugins for Editor in 0.00 ms.
Mono: successfully reloaded assembly
- Completed reload, in  0.703 seconds
Platform modules already initialized, skipping
Registering precompiled user dll's ...
Registered in 0.001256 seconds.
Begin MonoManager ReloadAssembly
Native extension for WindowsStandalone target not found
Refreshing native plugins compatible for Editor in 0.15 ms, found 1 plugins.
Preloading 0 native plugins for Editor in 0.00 ms.
Mono: successfully reloaded assembly
- Completed reload, in  0.685 seconds
Platform modules already initialized, skipping
========================================================================
Worker process is ready to serve import requests
Launched and connected shader compiler UnityShaderCompiler.exe after 0.03 seconds
Refreshing native plugins compatible for Editor in 0.15 ms, found 1 plugins.
Preloading 0 native plugins for Editor in 0.00 ms.
Unloading 684 Unused Serialized files (Serialized files now loaded: 0)
System memory in use before: 44.7 MB.
System memory in use after: 44.7 MB.

Unloading 13 unused Assets to reduce memory usage. Loaded Objects now: 1123.
Total: 1.174200 ms (FindLiveObjects: 0.077900 ms CreateObjectMapping: 0.019200 ms MarkObjects: 1.028800 ms  DeleteObjects: 0.047400 ms)

AssetImportParameters requested are different than current active one (requested -> active):
  custom:framework-win-MediaFoundation: 216162199b28c13a410421893ffa2e32 -> 
  custom:video-decoder-ogg-theora: a1e56fd34408186e4bbccfd4996cb3dc -> 
  custom:container-muxer-webm: aa71ff27fc2769a1b78a27578f13a17b -> 
  custom:container-demuxer-webm: 4f35f7cbe854078d1ac9338744f61a02 -> 
  custom:container-demuxer-ogg: 62fdf1f143b41e24485cea50d1cbac27 -> 
  custom:video-encoder-webm-vp8: eb34c28f22e8b96e1ab97ce403110664 -> 
  custom:video-decoder-webm-vp8: 9c59270c3fd7afecdb556c50c9e8de78 -> 
  custom:audio-decoder-ogg-vorbis: bf7c407c2cedff20999df2af8eb42d56 -> 
  custom:audio-encoder-webm-vorbis: bf7c407c2cedff20999df2af8eb42d56 -> 
========================================================================
Received Import Request.
  path: Packages/jp.rarafy.openjtalk_for_unity
  artifactKey: Guid(5685b7449dcdebb6389a9fcdb0b030af) Importer(815301076,1909f56bfc062723c751e8b465ee728b)
Start importing Packages/jp.rarafy.openjtalk_for_unity using Guid(5685b7449dcdebb6389a9fcdb0b030af) Importer(815301076,1909f56bfc062723c751e8b465ee728b)  -> (artifact id: 'bdc643e42a9d86527a9156dd92bc9b37') in 0.006570 seconds 
  Import took 0.007625 seconds .

========================================================================
Received Import Request.
  Time since last request: 0.000153 seconds.
  path: Packages/jp.rarafy.openjtalk_for_unity/package.json
  artifactKey: Guid(01e1c2e286fef064f814ba5132f49b1c) Importer(815301076,1909f56bfc062723c751e8b465ee728b)
Start importing Packages/jp.rarafy.openjtalk_for_unity/package.json using Guid(01e1c2e286fef064f814ba5132f49b1c) Importer(815301076,1909f56bfc062723c751e8b465ee728b)  -> (artifact id: '446fc93f36bd6fab7f039a5c76e6220d') in 0.020647 seconds 
  Import took 0.021694 seconds .

========================================================================
Received Import Request.
  Time since last request: 12.332010 seconds.
  path: Packages/jp.rarafy.openjtalk_for_unity/package.json
  artifactKey: Guid(01e1c2e286fef064f814ba5132f49b1c) Importer(815301076,1909f56bfc062723c751e8b465ee728b)
Start importing Packages/jp.rarafy.openjtalk_for_unity/package.json using Guid(01e1c2e286fef064f814ba5132f49b1c) Importer(815301076,1909f56bfc062723c751e8b465ee728b)  -> (artifact id: 'b5f925568b1e436b15f072656dff440f') in 0.002932 seconds 
  Import took 0.004088 seconds .

========================================================================
Received Import Request.
  Time since last request: 0.004552 seconds.
  path: Packages/jp.rarafy.openjtalk_for_unity/package.json
  artifactKey: Guid(01e1c2e286fef064f814ba5132f49b1c) Importer(815301076,1909f56bfc062723c751e8b465ee728b)
Start importing Packages/jp.rarafy.openjtalk_for_unity/package.json using Guid(01e1c2e286fef064f814ba5132f49b1c) Importer(815301076,1909f56bfc062723c751e8b465ee728b)  -> (artifact id: 'b5f925568b1e436b15f072656dff440f') in 0.001981 seconds 
  Import took 0.003099 seconds .

========================================================================
Received Import Request.
  Time since last request: 14.651487 seconds.
  path: Packages/jp.rarafy.openjtalk_for_unity/package.json
  artifactKey: Guid(01e1c2e286fef064f814ba5132f49b1c) Importer(815301076,1909f56bfc062723c751e8b465ee728b)
Start importing Packages/jp.rarafy.openjtalk_for_unity/package.json using Guid(01e1c2e286fef064f814ba5132f49b1c) Importer(815301076,1909f56bfc062723c751e8b465ee728b)  -> (artifact id: '39941e756fe42f4b321cfa7cc3edaf9a') in 0.001873 seconds 
  Import took 0.003040 seconds .

========================================================================
Received Import Request.
  Time since last request: 0.005225 seconds.
  path: Packages/jp.rarafy.openjtalk_for_unity/package.json
  artifactKey: Guid(01e1c2e286fef064f814ba5132f49b1c) Importer(815301076,1909f56bfc062723c751e8b465ee728b)
Start importing Packages/jp.rarafy.openjtalk_for_unity/package.json using Guid(01e1c2e286fef064f814ba5132f49b1c) Importer(815301076,1909f56bfc062723c751e8b465ee728b)  -> (artifact id: '39941e756fe42f4b321cfa7cc3edaf9a') in 0.001874 seconds 
  Import took 0.002967 seconds .

========================================================================
Received Import Request.
  Time since last request: 5.327584 seconds.
  path: Packages/jp.rarafy.openjtalk_for_unity/package.json
  artifactKey: Guid(01e1c2e286fef064f814ba5132f49b1c) Importer(815301076,1909f56bfc062723c751e8b465ee728b)
Start importing Packages/jp.rarafy.openjtalk_for_unity/package.json using Guid(01e1c2e286fef064f814ba5132f49b1c) Importer(815301076,1909f56bfc062723c751e8b465ee728b)  -> (artifact id: '5a4cf08b146e861b0db79e7eea5cd246') in 0.002235 seconds 
  Import took 0.003452 seconds .

========================================================================
Received Import Request.
  Time since last request: 0.005339 seconds.
  path: Packages/jp.rarafy.openjtalk_for_unity/package.json
  artifactKey: Guid(01e1c2e286fef064f814ba5132f49b1c) Importer(815301076,1909f56bfc062723c751e8b465ee728b)
Start importing Packages/jp.rarafy.openjtalk_for_unity/package.json using Guid(01e1c2e286fef064f814ba5132f49b1c) Importer(815301076,1909f56bfc062723c751e8b465ee728b)  -> (artifact id: '5a4cf08b146e861b0db79e7eea5cd246') in 0.001866 seconds 
  Import took 0.002952 seconds .

========================================================================
Received Import Request.
  Time since last request: 3.332494 seconds.
  path: Packages/jp.rarafy.openjtalk_for_unity/package.json
  artifactKey: Guid(01e1c2e286fef064f814ba5132f49b1c) Importer(815301076,1909f56bfc062723c751e8b465ee728b)
Start importing Packages/jp.rarafy.openjtalk_for_unity/package.json using Guid(01e1c2e286fef064f814ba5132f49b1c) Importer(815301076,1909f56bfc062723c751e8b465ee728b)  -> (artifact id: 'd19adb485c8e5e12a9cc2546fa74cce9') in 0.002012 seconds 
  Import took 0.003252 seconds .

========================================================================
Received Import Request.
  Time since last request: 5.415212 seconds.
  path: Packages/jp.rarafy.openjtalk_for_unity/package.json
  artifactKey: Guid(01e1c2e286fef064f814ba5132f49b1c) Importer(815301076,1909f56bfc062723c751e8b465ee728b)
Start importing Packages/jp.rarafy.openjtalk_for_unity/package.json using Guid(01e1c2e286fef064f814ba5132f49b1c) Importer(815301076,1909f56bfc062723c751e8b465ee728b)  -> (artifact id: 'c1eb829b3fe9f5f13795258945605c44') in 0.001943 seconds 
  Import took 0.003134 seconds .

========================================================================
Received Import Request.
  Time since last request: 0.005475 seconds.
  path: Packages/jp.rarafy.openjtalk_for_unity/package.json
  artifactKey: Guid(01e1c2e286fef064f814ba5132f49b1c) Importer(815301076,1909f56bfc062723c751e8b465ee728b)
Start importing Packages/jp.rarafy.openjtalk_for_unity/package.json using Guid(01e1c2e286fef064f814ba5132f49b1c) Importer(815301076,1909f56bfc062723c751e8b465ee728b)  -> (artifact id: 'c1eb829b3fe9f5f13795258945605c44') in 0.001956 seconds 
  Import took 0.003095 seconds .

========================================================================
Received Import Request.
  Time since last request: 6.194555 seconds.
  path: Packages/jp.rarafy.openjtalk_for_unity/package.json
  artifactKey: Guid(01e1c2e286fef064f814ba5132f49b1c) Importer(815301076,1909f56bfc062723c751e8b465ee728b)
Start importing Packages/jp.rarafy.openjtalk_for_unity/package.json using Guid(01e1c2e286fef064f814ba5132f49b1c) Importer(815301076,1909f56bfc062723c751e8b465ee728b)  -> (artifact id: '3aa482d08f5b7d893494c0638ec12ff4') in 0.002086 seconds 
  Import took 0.003257 seconds .

========================================================================
Received Import Request.
  Time since last request: 0.005172 seconds.
  path: Packages/jp.rarafy.openjtalk_for_unity/package.json
  artifactKey: Guid(01e1c2e286fef064f814ba5132f49b1c) Importer(815301076,1909f56bfc062723c751e8b465ee728b)
Start importing Packages/jp.rarafy.openjtalk_for_unity/package.json using Guid(01e1c2e286fef064f814ba5132f49b1c) Importer(815301076,1909f56bfc062723c751e8b465ee728b)  -> (artifact id: '3aa482d08f5b7d893494c0638ec12ff4') in 0.001924 seconds 
  Import took 0.003141 seconds .

========================================================================
Received Import Request.
  Time since last request: 3.073150 seconds.
  path: Packages/jp.rarafy.openjtalk_for_unity/package.json
  artifactKey: Guid(01e1c2e286fef064f814ba5132f49b1c) Importer(815301076,1909f56bfc062723c751e8b465ee728b)
Start importing Packages/jp.rarafy.openjtalk_for_unity/package.json using Guid(01e1c2e286fef064f814ba5132f49b1c) Importer(815301076,1909f56bfc062723c751e8b465ee728b)  -> (artifact id: 'fcd227cd3e5d0b5229c7e1c353b37e08') in 0.001880 seconds 
  Import took 0.002996 seconds .

========================================================================
Received Import Request.
  Time since last request: 0.000389 seconds.
  path: Packages/jp.rarafy.openjtalk_for_unity/package.json
  artifactKey: Guid(01e1c2e286fef064f814ba5132f49b1c) Importer(815301076,1909f56bfc062723c751e8b465ee728b)
Start importing Packages/jp.rarafy.openjtalk_for_unity/package.json using Guid(01e1c2e286fef064f814ba5132f49b1c) Importer(815301076,1909f56bfc062723c751e8b465ee728b)  -> (artifact id: 'fcd227cd3e5d0b5229c7e1c353b37e08') in 0.001840 seconds 
  Import took 0.002941 seconds .

========================================================================
Received Import Request.
  Time since last request: 12.659757 seconds.
  path: Packages/jp.rarafy.openjtalk_for_unity/package.json
  artifactKey: Guid(01e1c2e286fef064f814ba5132f49b1c) Importer(815301076,1909f56bfc062723c751e8b465ee728b)
Start importing Packages/jp.rarafy.openjtalk_for_unity/package.json using Guid(01e1c2e286fef064f814ba5132f49b1c) Importer(815301076,1909f56bfc062723c751e8b465ee728b)  -> (artifact id: '7d394b9046e03d208827f357c6c62156') in 0.002048 seconds 
  Import took 0.003217 seconds .

========================================================================
Received Import Request.
  Time since last request: 0.000508 seconds.
  path: Packages/jp.rarafy.openjtalk_for_unity/package.json
  artifactKey: Guid(01e1c2e286fef064f814ba5132f49b1c) Importer(815301076,1909f56bfc062723c751e8b465ee728b)
Start importing Packages/jp.rarafy.openjtalk_for_unity/package.json using Guid(01e1c2e286fef064f814ba5132f49b1c) Importer(815301076,1909f56bfc062723c751e8b465ee728b)  -> (artifact id: '7d394b9046e03d208827f357c6c62156') in 0.001875 seconds 
  Import took 0.002970 seconds .

========================================================================
Received Import Request.
  Time since last request: 8.862325 seconds.
  path: Packages/jp.rarafy.openjtalk_for_unity/package.json
  artifactKey: Guid(01e1c2e286fef064f814ba5132f49b1c) Importer(815301076,1909f56bfc062723c751e8b465ee728b)
Start importing Packages/jp.rarafy.openjtalk_for_unity/package.json using Guid(01e1c2e286fef064f814ba5132f49b1c) Importer(815301076,1909f56bfc062723c751e8b465ee728b)  -> (artifact id: '9006740cebe030a4e0ff3cdd92f38d5e') in 0.001803 seconds 
  Import took 0.002921 seconds .

========================================================================
Received Import Request.
  Time since last request: 0.006481 seconds.
  path: Packages/jp.rarafy.openjtalk_for_unity/package.json
  artifactKey: Guid(01e1c2e286fef064f814ba5132f49b1c) Importer(815301076,1909f56bfc062723c751e8b465ee728b)
Start importing Packages/jp.rarafy.openjtalk_for_unity/package.json using Guid(01e1c2e286fef064f814ba5132f49b1c) Importer(815301076,1909f56bfc062723c751e8b465ee728b)  -> (artifact id: '9006740cebe030a4e0ff3cdd92f38d5e') in 0.002052 seconds 
  Import took 0.003191 seconds .

========================================================================
Received Import Request.
  Time since last request: 15.469075 seconds.
  path: Packages/jp.rarafy.openjtalk_for_unity/package.json
  artifactKey: Guid(01e1c2e286fef064f814ba5132f49b1c) Importer(815301076,1909f56bfc062723c751e8b465ee728b)
Start importing Packages/jp.rarafy.openjtalk_for_unity/package.json using Guid(01e1c2e286fef064f814ba5132f49b1c) Importer(815301076,1909f56bfc062723c751e8b465ee728b)  -> (artifact id: 'ca370729386de81638db9eae47410574') in 0.001940 seconds 
  Import took 0.003090 seconds .

========================================================================
Received Import Request.
  Time since last request: 0.000309 seconds.
  path: Packages/jp.rarafy.openjtalk_for_unity/package.json
  artifactKey: Guid(01e1c2e286fef064f814ba5132f49b1c) Importer(815301076,1909f56bfc062723c751e8b465ee728b)
Start importing Packages/jp.rarafy.openjtalk_for_unity/package.json using Guid(01e1c2e286fef064f814ba5132f49b1c) Importer(815301076,1909f56bfc062723c751e8b465ee728b)  -> (artifact id: 'ca370729386de81638db9eae47410574') in 0.001749 seconds 
  Import took 0.002785 seconds .

========================================================================
Received Import Request.
  Time since last request: 10.597612 seconds.
  path: Packages/jp.rarafy.openjtalk_for_unity/package.json
  artifactKey: Guid(01e1c2e286fef064f814ba5132f49b1c) Importer(815301076,1909f56bfc062723c751e8b465ee728b)
Start importing Packages/jp.rarafy.openjtalk_for_unity/package.json using Guid(01e1c2e286fef064f814ba5132f49b1c) Importer(815301076,1909f56bfc062723c751e8b465ee728b)  -> (artifact id: '5979ffb5802ecc5571ca948f9a54db8f') in 0.002178 seconds 
  Import took 0.003362 seconds .

========================================================================
Received Import Request.
  Time since last request: 0.005208 seconds.
  path: Packages/jp.rarafy.openjtalk_for_unity/package.json
  artifactKey: Guid(01e1c2e286fef064f814ba5132f49b1c) Importer(815301076,1909f56bfc062723c751e8b465ee728b)
Start importing Packages/jp.rarafy.openjtalk_for_unity/package.json using Guid(01e1c2e286fef064f814ba5132f49b1c) Importer(815301076,1909f56bfc062723c751e8b465ee728b)  -> (artifact id: '5979ffb5802ecc5571ca948f9a54db8f') in 0.001962 seconds 
  Import took 0.003136 seconds .

========================================================================
Received Import Request.
  Time since last request: 4.023217 seconds.
  path: Packages/com.unity.ide.rider/package.json
  artifactKey: Guid(66c95bb3c74257f41bae2622511dc02d) Importer(815301076,1909f56bfc062723c751e8b465ee728b)
Start importing Packages/com.unity.ide.rider/package.json using Guid(66c95bb3c74257f41bae2622511dc02d) Importer(815301076,1909f56bfc062723c751e8b465ee728b)  -> (artifact id: 'ff96f7b61e94a0dc9b975679be81ead9') in 0.002043 seconds 
  Import took 0.003373 seconds .

========================================================================
Received Prepare
Registering precompiled user dll's ...
Registered in 0.001256 seconds.
Begin MonoManager ReloadAssembly
Native extension for WindowsStandalone target not found
Refreshing native plugins compatible for Editor in 0.16 ms, found 1 plugins.
Preloading 0 native plugins for Editor in 0.00 ms.
Mono: successfully reloaded assembly
- Completed reload, in  0.643 seconds
Platform modules already initialized, skipping
Refreshing native plugins compatible for Editor in 0.15 ms, found 1 plugins.
Preloading 0 native plugins for Editor in 0.00 ms.
Unloading 678 Unused Serialized files (Serialized files now loaded: 0)
System memory in use before: 44.5 MB.
System memory in use after: 44.6 MB.

Unloading 17 unused Assets to reduce memory usage. Loaded Objects now: 1117.
Total: 1.127800 ms (FindLiveObjects: 0.080700 ms CreateObjectMapping: 0.018100 ms MarkObjects: 1.012100 ms  DeleteObjects: 0.016000 ms)

AssetImportParameters requested are different than current active one (requested -> active):
  custom:framework-win-MediaFoundation: 216162199b28c13a410421893ffa2e32 -> 
  custom:video-decoder-ogg-theora: a1e56fd34408186e4bbccfd4996cb3dc -> 
  custom:container-muxer-webm: aa71ff27fc2769a1b78a27578f13a17b -> 
  custom:container-demuxer-webm: 4f35f7cbe854078d1ac9338744f61a02 -> 
  custom:container-demuxer-ogg: 62fdf1f143b41e24485cea50d1cbac27 -> 
  custom:video-encoder-webm-vp8: eb34c28f22e8b96e1ab97ce403110664 -> 
  custom:video-decoder-webm-vp8: 9c59270c3fd7afecdb556c50c9e8de78 -> 
  custom:audio-decoder-ogg-vorbis: bf7c407c2cedff20999df2af8eb42d56 -> 
  custom:audio-encoder-webm-vorbis: bf7c407c2cedff20999df2af8eb42d56 -> 
========================================================================
Received Import Request.
  Time since last request: 71.033367 seconds.
  path: Packages/jp.rarafy.openjtalk_for_unity/Scripts
  artifactKey: Guid(95b1179787b669e4c9037cc94b788578) Importer(815301076,1909f56bfc062723c751e8b465ee728b)
Start importing Packages/jp.rarafy.openjtalk_for_unity/Scripts using Guid(95b1179787b669e4c9037cc94b788578) Importer(815301076,1909f56bfc062723c751e8b465ee728b)  -> (artifact id: '6b32adc9f0d7fe0403dba13f45af2ede') in 0.006685 seconds 
  Import took 0.007769 seconds .

========================================================================
Received Import Request.
  Time since last request: 0.001854 seconds.
  path: Packages/jp.rarafy.openjtalk_for_unity/Scripts
  artifactKey: Guid(95b1179787b669e4c9037cc94b788578) Importer(815301076,1909f56bfc062723c751e8b465ee728b)
Start importing Packages/jp.rarafy.openjtalk_for_unity/Scripts using Guid(95b1179787b669e4c9037cc94b788578) Importer(815301076,1909f56bfc062723c751e8b465ee728b)  -> (artifact id: '6b32adc9f0d7fe0403dba13f45af2ede') in 0.001533 seconds 
  Import took 0.002578 seconds .

========================================================================
Received Import Request.
  Time since last request: 1.081400 seconds.
  path: Packages/jp.rarafy.openjtalk_for_unity/dll
  artifactKey: Guid(0e578bde406eba44b93239827ebfe4be) Importer(815301076,1909f56bfc062723c751e8b465ee728b)
Start importing Packages/jp.rarafy.openjtalk_for_unity/dll using Guid(0e578bde406eba44b93239827ebfe4be) Importer(815301076,1909f56bfc062723c751e8b465ee728b)  -> (artifact id: 'ab69f3e1056f3b96396f27792528562c') in 0.004833 seconds 
  Import took 0.005899 seconds .

========================================================================
Received Import Request.
  Time since last request: 2.040995 seconds.
  path: Packages/jp.rarafy.openjtalk_for_unity/Scripts/jtd_csc.cs
  artifactKey: Guid(f482bbd52f8d6b345a821722da59a2c4) Importer(815301076,1909f56bfc062723c751e8b465ee728b)
Start importing Packages/jp.rarafy.openjtalk_for_unity/Scripts/jtd_csc.cs using Guid(f482bbd52f8d6b345a821722da59a2c4) Importer(815301076,1909f56bfc062723c751e8b465ee728b)  -> (artifact id: '21db8cde4c43181a4b6baeaca44c8933') in 0.005941 seconds 
  Import took 0.007198 seconds .

========================================================================
Received Import Request.
  Time since last request: 0.024816 seconds.
  path: Packages/jp.rarafy.openjtalk_for_unity/Scripts/jtd_csc.cs
  artifactKey: Guid(f482bbd52f8d6b345a821722da59a2c4) Importer(815301076,1909f56bfc062723c751e8b465ee728b)
Start importing Packages/jp.rarafy.openjtalk_for_unity/Scripts/jtd_csc.cs using Guid(f482bbd52f8d6b345a821722da59a2c4) Importer(815301076,1909f56bfc062723c751e8b465ee728b)  -> (artifact id: '21db8cde4c43181a4b6baeaca44c8933') in 0.001636 seconds 
  Import took 0.002727 seconds .

========================================================================
Received Import Request.
  Time since last request: 0.464375 seconds.
  path: Packages/jp.rarafy.openjtalk_for_unity/Scripts/OpenJTalk.cs
  artifactKey: Guid(d74b721dc815bb54997a4f22a92d566f) Importer(815301076,1909f56bfc062723c751e8b465ee728b)
Start importing Packages/jp.rarafy.openjtalk_for_unity/Scripts/OpenJTalk.cs using Guid(d74b721dc815bb54997a4f22a92d566f) Importer(815301076,1909f56bfc062723c751e8b465ee728b)  -> (artifact id: 'f950e437205abf590d7c68090b031781') in 0.006200 seconds 
  Import took 0.007977 seconds .

========================================================================
Received Import Request.
  Time since last request: 0.000767 seconds.
  path: Packages/jp.rarafy.openjtalk_for_unity/Scripts/OpenJTalk.cs
  artifactKey: Guid(d74b721dc815bb54997a4f22a92d566f) Importer(815301076,1909f56bfc062723c751e8b465ee728b)
Start importing Packages/jp.rarafy.openjtalk_for_unity/Scripts/OpenJTalk.cs using Guid(d74b721dc815bb54997a4f22a92d566f) Importer(815301076,1909f56bfc062723c751e8b465ee728b)  -> (artifact id: 'f950e437205abf590d7c68090b031781') in 0.001969 seconds 
  Import took 0.003383 seconds .

========================================================================
Received Import Request.
  Time since last request: 4.560291 seconds.
  path: Packages/jp.rarafy.openjtalk_for_unity/_Scene
  artifactKey: Guid(fedf8dc150cfd024cb502bb0c9a27487) Importer(815301076,1909f56bfc062723c751e8b465ee728b)
Start importing Packages/jp.rarafy.openjtalk_for_unity/_Scene using Guid(fedf8dc150cfd024cb502bb0c9a27487) Importer(815301076,1909f56bfc062723c751e8b465ee728b)  -> (artifact id: '66484de796b7d2e442342e4657a440d3') in 0.004862 seconds 
  Import took 0.005955 seconds .

========================================================================
Received Import Request.
  Time since last request: 7.545168 seconds.
  path: Packages/jp.rarafy.openjtalk_for_unity/_Sample
  artifactKey: Guid(fedf8dc150cfd024cb502bb0c9a27487) Importer(815301076,1909f56bfc062723c751e8b465ee728b)
Start importing Packages/jp.rarafy.openjtalk_for_unity/_Sample using Guid(fedf8dc150cfd024cb502bb0c9a27487) Importer(815301076,1909f56bfc062723c751e8b465ee728b)  -> (artifact id: '8403c8b2f31abb2a552518298c73d412') in 0.004505 seconds 
  Import took 0.005585 seconds .

========================================================================
Received Prepare
Registering precompiled user dll's ...
Registered in 0.001209 seconds.
Begin MonoManager ReloadAssembly
Native extension for WindowsStandalone target not found
Refreshing native plugins compatible for Editor in 0.16 ms, found 1 plugins.
Preloading 0 native plugins for Editor in 0.00 ms.
Mono: successfully reloaded assembly
- Completed reload, in  0.636 seconds
Platform modules already initialized, skipping
Refreshing native plugins compatible for Editor in 0.15 ms, found 1 plugins.
Preloading 0 native plugins for Editor in 0.00 ms.
Unloading 678 Unused Serialized files (Serialized files now loaded: 0)
System memory in use before: 44.5 MB.
System memory in use after: 44.6 MB.

Unloading 17 unused Assets to reduce memory usage. Loaded Objects now: 1120.
Total: 1.124400 ms (FindLiveObjects: 0.079000 ms CreateObjectMapping: 0.017700 ms MarkObjects: 1.009700 ms  DeleteObjects: 0.017400 ms)

AssetImportParameters requested are different than current active one (requested -> active):
  custom:framework-win-MediaFoundation: 216162199b28c13a410421893ffa2e32 -> 
  custom:video-decoder-ogg-theora: a1e56fd34408186e4bbccfd4996cb3dc -> 
  custom:container-muxer-webm: aa71ff27fc2769a1b78a27578f13a17b -> 
  custom:container-demuxer-webm: 4f35f7cbe854078d1ac9338744f61a02 -> 
  custom:container-demuxer-ogg: 62fdf1f143b41e24485cea50d1cbac27 -> 
  custom:video-encoder-webm-vp8: eb34c28f22e8b96e1ab97ce403110664 -> 
  custom:video-decoder-webm-vp8: 9c59270c3fd7afecdb556c50c9e8de78 -> 
  custom:audio-decoder-ogg-vorbis: bf7c407c2cedff20999df2af8eb42d56 -> 
  custom:audio-encoder-webm-vorbis: bf7c407c2cedff20999df2af8eb42d56 -> 
========================================================================
Received Import Request.
  Time since last request: 14.415641 seconds.
  path: Packages/jp.rarafy.openjtalk_for_unity/_Sample 1
  artifactKey: Guid(194f7f5de9d67e94789c14af8fd85b1c) Importer(815301076,1909f56bfc062723c751e8b465ee728b)
Start importing Packages/jp.rarafy.openjtalk_for_unity/_Sample 1 using Guid(194f7f5de9d67e94789c14af8fd85b1c) Importer(815301076,1909f56bfc062723c751e8b465ee728b)  -> (artifact id: '0ef173a18074bfc142274abaca6a894a') in 0.006239 seconds 
  Import took 0.007404 seconds .

========================================================================
Received Import Request.
  Time since last request: 0.001722 seconds.
  path: Packages/jp.rarafy.openjtalk_for_unity/_Sample 1
  artifactKey: Guid(194f7f5de9d67e94789c14af8fd85b1c) Importer(815301076,1909f56bfc062723c751e8b465ee728b)
Start importing Packages/jp.rarafy.openjtalk_for_unity/_Sample 1 using Guid(194f7f5de9d67e94789c14af8fd85b1c) Importer(815301076,1909f56bfc062723c751e8b465ee728b)  -> (artifact id: '0ef173a18074bfc142274abaca6a894a') in 0.001595 seconds 
  Import took 0.002648 seconds .

========================================================================
Received Import Request.
  Time since last request: 6.064242 seconds.
  path: Assets/OpenJTalkForUnity/Scripts 1
  artifactKey: Guid(933f217d3baeac1428406125a1f0b7c8) Importer(815301076,1909f56bfc062723c751e8b465ee728b)
Start importing Assets/OpenJTalkForUnity/Scripts 1 using Guid(933f217d3baeac1428406125a1f0b7c8) Importer(815301076,1909f56bfc062723c751e8b465ee728b)  -> (artifact id: 'fab6963ba4dd9cd716cfe32a2aa7a1d8') in 0.005621 seconds 
  Import took 0.006722 seconds .

========================================================================
Received Prepare
Registering precompiled user dll's ...
Registered in 0.001269 seconds.
Begin MonoManager ReloadAssembly
Native extension for WindowsStandalone target not found
Refreshing native plugins compatible for Editor in 0.15 ms, found 1 plugins.
Preloading 0 native plugins for Editor in 0.00 ms.
Mono: successfully reloaded assembly
- Completed reload, in  0.638 seconds
Platform modules already initialized, skipping
Refreshing native plugins compatible for Editor in 0.15 ms, found 1 plugins.
Preloading 0 native plugins for Editor in 0.00 ms.
Unloading 678 Unused Serialized files (Serialized files now loaded: 0)
System memory in use before: 44.6 MB.
System memory in use after: 44.6 MB.

Unloading 17 unused Assets to reduce memory usage. Loaded Objects now: 1123.
Total: 1.191600 ms (FindLiveObjects: 0.092400 ms CreateObjectMapping: 0.021200 ms MarkObjects: 1.063200 ms  DeleteObjects: 0.014200 ms)

AssetImportParameters requested are different than current active one (requested -> active):
  custom:framework-win-MediaFoundation: 216162199b28c13a410421893ffa2e32 -> 
  custom:video-decoder-ogg-theora: a1e56fd34408186e4bbccfd4996cb3dc -> 
  custom:container-muxer-webm: aa71ff27fc2769a1b78a27578f13a17b -> 
  custom:container-demuxer-webm: 4f35f7cbe854078d1ac9338744f61a02 -> 
  custom:container-demuxer-ogg: 62fdf1f143b41e24485cea50d1cbac27 -> 
  custom:video-encoder-webm-vp8: eb34c28f22e8b96e1ab97ce403110664 -> 
  custom:video-decoder-webm-vp8: 9c59270c3fd7afecdb556c50c9e8de78 -> 
  custom:audio-decoder-ogg-vorbis: bf7c407c2cedff20999df2af8eb42d56 -> 
  custom:audio-encoder-webm-vorbis: bf7c407c2cedff20999df2af8eb42d56 -> 
========================================================================
Received Import Request.
  Time since last request: 13.679019 seconds.
  path: Assets/OpenJTalkForUnity
  artifactKey: Guid(de020bf4bf601e046864fde8fb83343a) Importer(815301076,1909f56bfc062723c751e8b465ee728b)
Start importing Assets/OpenJTalkForUnity using Guid(de020bf4bf601e046864fde8fb83343a) Importer(815301076,1909f56bfc062723c751e8b465ee728b)  -> (artifact id: '2e26acad51f1fc5f27cdd87b449a1f9d') in 0.005936 seconds 
  Import took 0.007017 seconds .

========================================================================
Received Import Request.
  Time since last request: 0.006433 seconds.
  path: Assets/OpenJTalkForUnity
  artifactKey: Guid(de020bf4bf601e046864fde8fb83343a) Importer(815301076,1909f56bfc062723c751e8b465ee728b)
Start importing Assets/OpenJTalkForUnity using Guid(de020bf4bf601e046864fde8fb83343a) Importer(815301076,1909f56bfc062723c751e8b465ee728b)  -> (artifact id: '2e26acad51f1fc5f27cdd87b449a1f9d') in 0.001842 seconds 
  Import took 0.003125 seconds .

========================================================================
Received Prepare
Registering precompiled user dll's ...
Registered in 0.001237 seconds.
Begin MonoManager ReloadAssembly
Native extension for WindowsStandalone target not found
Refreshing native plugins compatible for Editor in 0.15 ms, found 1 plugins.
Preloading 0 native plugins for Editor in 0.00 ms.
Mono: successfully reloaded assembly
- Completed reload, in  0.641 seconds
Platform modules already initialized, skipping
Refreshing native plugins compatible for Editor in 0.15 ms, found 1 plugins.
Preloading 0 native plugins for Editor in 0.00 ms.
Unloading 678 Unused Serialized files (Serialized files now loaded: 0)
System memory in use before: 44.5 MB.
System memory in use after: 44.6 MB.

Unloading 17 unused Assets to reduce memory usage. Loaded Objects now: 1126.
Total: 1.167400 ms (FindLiveObjects: 0.076400 ms CreateObjectMapping: 0.017800 ms MarkObjects: 1.057900 ms  DeleteObjects: 0.014800 ms)

AssetImportParameters requested are different than current active one (requested -> active):
  custom:framework-win-MediaFoundation: 216162199b28c13a410421893ffa2e32 -> 
  custom:video-decoder-ogg-theora: a1e56fd34408186e4bbccfd4996cb3dc -> 
  custom:container-muxer-webm: aa71ff27fc2769a1b78a27578f13a17b -> 
  custom:container-demuxer-webm: 4f35f7cbe854078d1ac9338744f61a02 -> 
  custom:container-demuxer-ogg: 62fdf1f143b41e24485cea50d1cbac27 -> 
  custom:video-encoder-webm-vp8: eb34c28f22e8b96e1ab97ce403110664 -> 
  custom:video-decoder-webm-vp8: 9c59270c3fd7afecdb556c50c9e8de78 -> 
  custom:audio-decoder-ogg-vorbis: bf7c407c2cedff20999df2af8eb42d56 -> 
  custom:audio-encoder-webm-vorbis: bf7c407c2cedff20999df2af8eb42d56 -> 
AssetImportWorkerClient::OnTransportError - code=2 error=End of file
